Using pre-set license
Built from '2020.3/china_unity/release' branch; Version is '2020.3.32f1c1 (76260b79758e) revision 7742987'; Using compiler version '192528614'; Build Type 'Release'
OS: 'Windows 11  (10.0.22000) 64bit ProfessionalWorkstation' Language: 'zh' Physical Memory: 15741 MB
BatchMode: 1, IsHumanControllingUs: 0, StartBugReporterOnCrash: 0, Is64bit: 1, IsPro: 0

COMMAND LINE ARGUMENTS:
C:\Program Files\Unity\Hub\Editor\2020.3.32f1c1\Editor\Unity.exe
-adb2
-batchMode
-noUpm
-name
AssetImportWorker0
-projectPath
C:/Users/zhufu/UnityProjects/Roller
-logFile
Logs/AssetImportWorker0.log
-srvPort
53535
Successfully changed project path to: C:/Users/zhufu/UnityProjects/Roller
C:/Users/zhufu/UnityProjects/Roller
Using Asset Import Pipeline V2.
AS: AutoStreaming module initializing.Refreshing native plugins compatible for Editor in 29.57 ms, found 2 plugins.
Preloading 0 native plugins for Editor in 0.00 ms.
Initialize engine version: 2020.3.32f1c1 (76260b79758e)
[Subsystems] Discovering subsystems at path C:/Program Files/Unity/Hub/Editor/2020.3.32f1c1/Editor/Data/Resources/UnitySubsystems
[Subsystems] Discovering subsystems at path C:/Users/zhufu/UnityProjects/Roller/Assets
GfxDevice: creating device client; threaded=0
Direct3D:
    Version:  Direct3D 11.0 [level 11.1]
    Renderer: AMD Radeon(TM) Graphics (ID=0x1636)
    Vendor:   
    VRAM:     7870 MB
    Driver:   30.0.13023.4001
Initialize mono
Mono path[0] = 'C:/Program Files/Unity/Hub/Editor/2020.3.32f1c1/Editor/Data/Managed'
Mono path[1] = 'C:/Program Files/Unity/Hub/Editor/2020.3.32f1c1/Editor/Data/MonoBleedingEdge/lib/mono/unityjit'
Mono config path = 'C:/Program Files/Unity/Hub/Editor/2020.3.32f1c1/Editor/Data/MonoBleedingEdge/etc'
Using monoOptions --debugger-agent=transport=dt_socket,embedding=1,server=y,suspend=n,address=127.0.0.1:56432
Begin MonoManager ReloadAssembly
Registering precompiled unity dll's ...
Register platform support module: C:/Program Files/Unity/Hub/Editor/2020.3.32f1c1/Editor/Data/PlaybackEngines/WebGLSupport/UnityEditor.WebGL.Extensions.dll
Register platform support module: C:/Program Files/Unity/Hub/Editor/2020.3.32f1c1/Editor/Data/PlaybackEngines/WindowsStandaloneSupport/UnityEditor.WindowsStandalone.Extensions.dll
Registered in 0.001891 seconds.
Native extension for WindowsStandalone target not found
Native extension for WebGL target not found
Refreshing native plugins compatible for Editor in 28.38 ms, found 2 plugins.
Preloading 0 native plugins for Editor in 0.00 ms.
Mono: successfully reloaded assembly
- Completed reload, in  0.509 seconds
Domain Reload Profiling:
	ReloadAssembly (509ms)
		BeginReloadAssembly (58ms)
			ExecutionOrderSort (0ms)
			DisableScriptedObjects (0ms)
			BackupInstance (0ms)
			ReleaseScriptingObjects (0ms)
			CreateAndSetChildDomain (1ms)
		EndReloadAssembly (385ms)
			LoadAssemblies (56ms)
			RebuildTransferFunctionScriptingTraits (0ms)
			SetupTypeCache (138ms)
			ReleaseScriptCaches (0ms)
			RebuildScriptCaches (28ms)
			SetupLoadedEditorAssemblies (137ms)
				LogAssemblyErrors (0ms)
				InitializePlatformSupportModulesInManaged (5ms)
				SetLoadedEditorAssemblies (0ms)
				RefreshPlugins (28ms)
				BeforeProcessingInitializeOnLoad (7ms)
				ProcessInitializeOnLoadAttributes (70ms)
				ProcessInitializeOnLoadMethodAttributes (27ms)
				AfterProcessingInitializeOnLoad (0ms)
				EditorAssembliesLoaded (0ms)
			ExecutionOrderSort2 (0ms)
			AwakeInstancesAfterBackupRestoration (0ms)
Platform modules already initialized, skipping
Registering precompiled user dll's ...
Registered in 0.004752 seconds.
Begin MonoManager ReloadAssembly
Native extension for WindowsStandalone target not found
Native extension for WebGL target not found
Refreshing native plugins compatible for Editor in 0.40 ms, found 2 plugins.
Preloading 0 native plugins for Editor in 0.00 ms.
Mono: successfully reloaded assembly
- Completed reload, in  0.929 seconds
Domain Reload Profiling:
	ReloadAssembly (930ms)
		BeginReloadAssembly (150ms)
			ExecutionOrderSort (0ms)
			DisableScriptedObjects (5ms)
			BackupInstance (0ms)
			ReleaseScriptingObjects (0ms)
			CreateAndSetChildDomain (25ms)
		EndReloadAssembly (710ms)
			LoadAssemblies (83ms)
			RebuildTransferFunctionScriptingTraits (0ms)
			SetupTypeCache (244ms)
			ReleaseScriptCaches (1ms)
			RebuildScriptCaches (41ms)
			SetupLoadedEditorAssemblies (266ms)
				LogAssemblyErrors (0ms)
				InitializePlatformSupportModulesInManaged (5ms)
				SetLoadedEditorAssemblies (0ms)
				RefreshPlugins (0ms)
				BeforeProcessingInitializeOnLoad (52ms)
				ProcessInitializeOnLoadAttributes (195ms)
				ProcessInitializeOnLoadMethodAttributes (9ms)
				AfterProcessingInitializeOnLoad (4ms)
				EditorAssembliesLoaded (0ms)
			ExecutionOrderSort2 (0ms)
			AwakeInstancesAfterBackupRestoration (6ms)
Platform modules already initialized, skipping
========================================================================
Worker process is ready to serve import requests
Launched and connected shader compiler UnityShaderCompiler.exe after 0.06 seconds
Refreshing native plugins compatible for Editor in 0.44 ms, found 2 plugins.
Preloading 0 native plugins for Editor in 0.00 ms.
Unloading 1506 Unused Serialized files (Serialized files now loaded: 0)
System memory in use before: 68.6 MB.
System memory in use after: 68.7 MB.

Unloading 16 unused Assets to reduce memory usage. Loaded Objects now: 1943.
Total: 4.487800 ms (FindLiveObjects: 0.206100 ms CreateObjectMapping: 0.039900 ms MarkObjects: 4.140400 ms  DeleteObjects: 0.099600 ms)

AssetImportParameters requested are different than current active one (requested -> active):
  custom:framework-win-MediaFoundation: 216162199b28c13a410421893ffa2e32 -> 
  custom:video-decoder-ogg-theora: a1e56fd34408186e4bbccfd4996cb3dc -> 
  custom:container-muxer-webm: aa71ff27fc2769a1b78a27578f13a17b -> 
  custom:container-demuxer-webm: 4f35f7cbe854078d1ac9338744f61a02 -> 
  custom:container-demuxer-ogg: 62fdf1f143b41e24485cea50d1cbac27 -> 
  custom:video-encoder-webm-vp8: eb34c28f22e8b96e1ab97ce403110664 -> 
  custom:video-decoder-webm-vp8: 9c59270c3fd7afecdb556c50c9e8de78 -> 
  custom:audio-decoder-ogg-vorbis: bf7c407c2cedff20999df2af8eb42d56 -> 
  custom:audio-encoder-webm-vorbis: bf7c407c2cedff20999df2af8eb42d56 -> 
========================================================================
Received Import Request.
  path: Assets/Models/Walls.fbx
  artifactKey: Guid(d705e9a894fc62d4aa17e81d1aafbe6e) Importer(815301076,1909f56bfc062723c751e8b465ee728b)
Start importing Assets/Models/Walls.fbx using Guid(d705e9a894fc62d4aa17e81d1aafbe6e) Importer(815301076,1909f56bfc062723c751e8b465ee728b)  -> (artifact id: 'b3c25ffd26ae8e6ce8ad08449661798e') in 0.439991 seconds 
========================================================================
Received Import Request.
  Time since last request: 0.000295 seconds.
  path: Assets/Models
  artifactKey: Guid(01e775f51f954844aa2dbe62771e313b) Importer(815301076,1909f56bfc062723c751e8b465ee728b)
Start importing Assets/Models using Guid(01e775f51f954844aa2dbe62771e313b) Importer(815301076,1909f56bfc062723c751e8b465ee728b)  -> (artifact id: 'a0d5f967c88b164007bc0262ae258c41') in 0.008965 seconds 
========================================================================
Received Import Request.
  Time since last request: 524.198762 seconds.
  path: Assets/Models/Walls.fbx
  artifactKey: Guid(d705e9a894fc62d4aa17e81d1aafbe6e) Importer(815301076,1909f56bfc062723c751e8b465ee728b)
Start importing Assets/Models/Walls.fbx using Guid(d705e9a894fc62d4aa17e81d1aafbe6e) Importer(815301076,1909f56bfc062723c751e8b465ee728b)  -> (artifact id: '04af47aa301ee1de221d25929249ba5f') in 0.318749 seconds 
========================================================================
Received Import Request.
  Time since last request: 39.976220 seconds.
  path: Assets/Models/Wall_Plaster_002_SD
  artifactKey: Guid(3431278c43174c645b3d411086e0ad96) Importer(815301076,1909f56bfc062723c751e8b465ee728b)
Start importing Assets/Models/Wall_Plaster_002_SD using Guid(3431278c43174c645b3d411086e0ad96) Importer(815301076,1909f56bfc062723c751e8b465ee728b)  -> (artifact id: '3b8dd9266b0922c572ad517ab1d1c530') in 0.008631 seconds 
========================================================================
Received Import Request.
  Time since last request: 0.046710 seconds.
  path: Assets/Models/Wall_Plaster_002_SD/Material_2051.jpg
  artifactKey: Guid(8dc3617eca77a3348983d0db99957bd6) Importer(815301076,1909f56bfc062723c751e8b465ee728b)
Start importing Assets/Models/Wall_Plaster_002_SD/Material_2051.jpg using Guid(8dc3617eca77a3348983d0db99957bd6) Importer(815301076,1909f56bfc062723c751e8b465ee728b)  -> (artifact id: '311879e3ee94b1e514ee6e51e982ea0a') in 0.060372 seconds 
========================================================================
Received Import Request.
  Time since last request: 0.000305 seconds.
  path: Assets/Models/Wall_Plaster_002_SD/Wall_Plaster_002_Roughness.jpg
  artifactKey: Guid(0b61ba4f0926eb64b8f5e08ef8842973) Importer(815301076,1909f56bfc062723c751e8b465ee728b)
Start importing Assets/Models/Wall_Plaster_002_SD/Wall_Plaster_002_Roughness.jpg using Guid(0b61ba4f0926eb64b8f5e08ef8842973) Importer(815301076,1909f56bfc062723c751e8b465ee728b)  -> (artifact id: '42beac49a5971745278e999ded7d205d') in 0.014570 seconds 
========================================================================
Received Import Request.
  Time since last request: 0.000336 seconds.
  path: Assets/Models/Wall_Plaster_002_SD/Wall_Plaster_002_Normal.jpg
  artifactKey: Guid(bab3fd5cee7a4bd49b6d17cea417cc6e) Importer(815301076,1909f56bfc062723c751e8b465ee728b)
Start importing Assets/Models/Wall_Plaster_002_SD/Wall_Plaster_002_Normal.jpg using Guid(bab3fd5cee7a4bd49b6d17cea417cc6e) Importer(815301076,1909f56bfc062723c751e8b465ee728b)  -> (artifact id: '9413a77059ab6962f44a726fc8dc2008') in 0.016160 seconds 
========================================================================
Received Import Request.
  Time since last request: 0.000361 seconds.
  path: Assets/Models/Wall_Plaster_002_SD/Wall_Plaster_002_AmbientOcclusion.jpg
  artifactKey: Guid(17b93218a44005b42b2b18113d5ea631) Importer(815301076,1909f56bfc062723c751e8b465ee728b)
Start importing Assets/Models/Wall_Plaster_002_SD/Wall_Plaster_002_AmbientOcclusion.jpg using Guid(17b93218a44005b42b2b18113d5ea631) Importer(815301076,1909f56bfc062723c751e8b465ee728b)  -> (artifact id: '3e6b73a8697bf2f582da9b8ee7d50f46') in 0.016975 seconds 
========================================================================
Received Import Request.
  Time since last request: 0.000367 seconds.
  path: Assets/Models/Wall_Plaster_002_SD/Wall_Plaster_002_BaseColor.jpg
  artifactKey: Guid(82b0290e7a5a6c94e9f4a65c3d0c3d68) Importer(815301076,1909f56bfc062723c751e8b465ee728b)
Start importing Assets/Models/Wall_Plaster_002_SD/Wall_Plaster_002_BaseColor.jpg using Guid(82b0290e7a5a6c94e9f4a65c3d0c3d68) Importer(815301076,1909f56bfc062723c751e8b465ee728b)  -> (artifact id: '89b9bda226171f301b45687b2b9a1271') in 0.017533 seconds 
========================================================================
Received Import Request.
  Time since last request: 0.000392 seconds.
  path: Assets/Models/Wall_Plaster_002_SD/Wall_Plaster_002_Height.png
  artifactKey: Guid(e71dc17698a8b214183657ecb4d7e3ae) Importer(815301076,1909f56bfc062723c751e8b465ee728b)
Start importing Assets/Models/Wall_Plaster_002_SD/Wall_Plaster_002_Height.png using Guid(e71dc17698a8b214183657ecb4d7e3ae) Importer(815301076,1909f56bfc062723c751e8b465ee728b)  -> (artifact id: '78392e6ff81cda881c6f6b8398a3bf6c') in 0.016855 seconds 
========================================================================
Received Import Request.
  Time since last request: 41.851961 seconds.
  path: Assets/Models/Walls.fbx
  artifactKey: Guid(d705e9a894fc62d4aa17e81d1aafbe6e) Importer(815301076,1909f56bfc062723c751e8b465ee728b)
Start importing Assets/Models/Walls.fbx using Guid(d705e9a894fc62d4aa17e81d1aafbe6e) Importer(815301076,1909f56bfc062723c751e8b465ee728b)  -> (artifact id: '2cedc4eee575d005583ac4f8189c8db7') in 0.109132 seconds 
========================================================================
Received Import Request.
  Time since last request: 0.000594 seconds.
  path: Assets/Models/mat_wood_Plywood.mat
  artifactKey: Guid(3d31e9008adcd5f43ad84985b1bcfa2c) Importer(815301076,1909f56bfc062723c751e8b465ee728b)
Start importing Assets/Models/mat_wood_Plywood.mat using Guid(3d31e9008adcd5f43ad84985b1bcfa2c) Importer(815301076,1909f56bfc062723c751e8b465ee728b)  -> (artifact id: 'aa61c418a5793f35eed6855086dad338') in 0.025389 seconds 
========================================================================
Received Import Request.
  Time since last request: 0.000352 seconds.
  path: Assets/Models/drywall_painted.mat
  artifactKey: Guid(ec75fcab1dcdbb2499faa4f2913e9f5e) Importer(815301076,1909f56bfc062723c751e8b465ee728b)
Start importing Assets/Models/drywall_painted.mat using Guid(ec75fcab1dcdbb2499faa4f2913e9f5e) Importer(815301076,1909f56bfc062723c751e8b465ee728b)  -> (artifact id: 'e0d6ba86621afdfd2eecd34c0bf3901f') in 0.021088 seconds 
========================================================================
Received Import Request.
  Time since last request: 0.000311 seconds.
  path: Assets/Models/mat_wood_OSB.mat
  artifactKey: Guid(09725c51d70e66245911a7d8b3fa7677) Importer(815301076,1909f56bfc062723c751e8b465ee728b)
Start importing Assets/Models/mat_wood_OSB.mat using Guid(09725c51d70e66245911a7d8b3fa7677) Importer(815301076,1909f56bfc062723c751e8b465ee728b)  -> (artifact id: '4cb45e61c0d942d610116f5e739a700d') in 0.017760 seconds 
========================================================================
Received Import Request.
  Time since last request: 0.000423 seconds.
  path: Assets/Models/nails.mat
  artifactKey: Guid(4765de35d96835b4ab0969b2fa4cb680) Importer(815301076,1909f56bfc062723c751e8b465ee728b)
Start importing Assets/Models/nails.mat using Guid(4765de35d96835b4ab0969b2fa4cb680) Importer(815301076,1909f56bfc062723c751e8b465ee728b)  -> (artifact id: '150bff45223574ea6b7d71371a74456d') in 0.020175 seconds 
========================================================================
Received Import Request.
  Time since last request: 0.000362 seconds.
  path: Assets/Models/mat_concrete_cement.mat
  artifactKey: Guid(9d5daf7fb9987f14d82c6e4864d2567b) Importer(815301076,1909f56bfc062723c751e8b465ee728b)
Start importing Assets/Models/mat_concrete_cement.mat using Guid(9d5daf7fb9987f14d82c6e4864d2567b) Importer(815301076,1909f56bfc062723c751e8b465ee728b)  -> (artifact id: 'c3a822a858954e8ef6168e693decbdf5') in 0.017998 seconds 
========================================================================
Received Import Request.
  Time since last request: 51.870205 seconds.
  path: Assets/Models/Wall_Plaster_002_SD/Wall_Plaster_002_Normal.jpg
  artifactKey: Guid(bab3fd5cee7a4bd49b6d17cea417cc6e) Importer(815301076,1909f56bfc062723c751e8b465ee728b)
Start importing Assets/Models/Wall_Plaster_002_SD/Wall_Plaster_002_Normal.jpg using Guid(bab3fd5cee7a4bd49b6d17cea417cc6e) Importer(815301076,1909f56bfc062723c751e8b465ee728b)  -> (artifact id: '650cd71798de2a62a05d9a1048a1dc66') in 0.024388 seconds 
========================================================================
Received Import Request.
  Time since last request: 352.335652 seconds.
  path: Assets/Models/drywall_painted.mat
  artifactKey: Guid(ec75fcab1dcdbb2499faa4f2913e9f5e) Importer(815301076,1909f56bfc062723c751e8b465ee728b)
Start importing Assets/Models/drywall_painted.mat using Guid(ec75fcab1dcdbb2499faa4f2913e9f5e) Importer(815301076,1909f56bfc062723c751e8b465ee728b)  -> (artifact id: 'd97225937f94e1aa8d85b0fc37026928') in 0.030925 seconds 
========================================================================
Received Import Request.
  Time since last request: 93.312849 seconds.
  path: Assets/Models/Wood_025_SD/Material_2012.jpg
  artifactKey: Guid(0ea84e5494db65e4e86fd5541eb13767) Importer(815301076,1909f56bfc062723c751e8b465ee728b)
Start importing Assets/Models/Wood_025_SD/Material_2012.jpg using Guid(0ea84e5494db65e4e86fd5541eb13767) Importer(815301076,1909f56bfc062723c751e8b465ee728b)  -> (artifact id: 'e72a68dd0a2586b4c85609d5a7a2ab55') in 0.017925 seconds 
========================================================================
Received Import Request.
  Time since last request: 0.000425 seconds.
  path: Assets/Models/Wood_025_SD/Wood_025_ambientOcclusion.jpg
  artifactKey: Guid(cab80d52f01bade4eb167aa0387daadf) Importer(815301076,1909f56bfc062723c751e8b465ee728b)
Start importing Assets/Models/Wood_025_SD/Wood_025_ambientOcclusion.jpg using Guid(cab80d52f01bade4eb167aa0387daadf) Importer(815301076,1909f56bfc062723c751e8b465ee728b)  -> (artifact id: '4f8b4c89368ec450e9ee7cf89633c3c3') in 0.021771 seconds 
========================================================================
Received Import Request.
  Time since last request: 0.000343 seconds.
  path: Assets/Models/Wood_025_SD/Wood_025_normal.jpg
  artifactKey: Guid(31fb2b3f5a29ce8448039f6a3c8d832c) Importer(815301076,1909f56bfc062723c751e8b465ee728b)
Start importing Assets/Models/Wood_025_SD/Wood_025_normal.jpg using Guid(31fb2b3f5a29ce8448039f6a3c8d832c) Importer(815301076,1909f56bfc062723c751e8b465ee728b)  -> (artifact id: '8cfad6131729b24d20f9dfc77e361970') in 0.016151 seconds 
========================================================================
Received Import Request.
  Time since last request: 0.000350 seconds.
  path: Assets/Models/Wood_025_SD/Wood_025_roughness.jpg
  artifactKey: Guid(13ae41e6edcbdb34fba363de0efeab59) Importer(815301076,1909f56bfc062723c751e8b465ee728b)
Start importing Assets/Models/Wood_025_SD/Wood_025_roughness.jpg using Guid(13ae41e6edcbdb34fba363de0efeab59) Importer(815301076,1909f56bfc062723c751e8b465ee728b)  -> (artifact id: '5c00eac0eddb3f8bb249321af8ece618') in 0.014555 seconds 
========================================================================
Received Import Request.
  Time since last request: 0.000427 seconds.
  path: Assets/Models/Wood_025_SD/Wood_025_basecolor.jpg
  artifactKey: Guid(1a9564d6f55efd147bb8d40161772ff8) Importer(815301076,1909f56bfc062723c751e8b465ee728b)
Start importing Assets/Models/Wood_025_SD/Wood_025_basecolor.jpg using Guid(1a9564d6f55efd147bb8d40161772ff8) Importer(815301076,1909f56bfc062723c751e8b465ee728b)  -> (artifact id: 'c7d8c82888c71367e79f21b23056c7e5') in 0.015825 seconds 
========================================================================
Received Import Request.
  Time since last request: 0.000450 seconds.
  path: Assets/Models/Wood_025_SD/Wood_025_height.png
  artifactKey: Guid(2e796a3d35f139647b7252a563c75282) Importer(815301076,1909f56bfc062723c751e8b465ee728b)
Start importing Assets/Models/Wood_025_SD/Wood_025_height.png using Guid(2e796a3d35f139647b7252a563c75282) Importer(815301076,1909f56bfc062723c751e8b465ee728b)  -> (artifact id: '0a60fbf142aa5fc510337ae2c9ff37b3') in 0.015776 seconds 
========================================================================
Received Import Request.
  Time since last request: 8.801486 seconds.
  path: Assets/Models/Wood_025_SD/Wood_025_normal.jpg
  artifactKey: Guid(31fb2b3f5a29ce8448039f6a3c8d832c) Importer(815301076,1909f56bfc062723c751e8b465ee728b)
Start importing Assets/Models/Wood_025_SD/Wood_025_normal.jpg using Guid(31fb2b3f5a29ce8448039f6a3c8d832c) Importer(815301076,1909f56bfc062723c751e8b465ee728b)  -> (artifact id: 'a3dc33f375d5ae356e3cc40e48c7ec63') in 0.015074 seconds 
========================================================================
Received Import Request.
  Time since last request: 70.322760 seconds.
  path: Assets/Models/mat_wood_Plywood.mat
  artifactKey: Guid(3d31e9008adcd5f43ad84985b1bcfa2c) Importer(815301076,1909f56bfc062723c751e8b465ee728b)
Start importing Assets/Models/mat_wood_Plywood.mat using Guid(3d31e9008adcd5f43ad84985b1bcfa2c) Importer(815301076,1909f56bfc062723c751e8b465ee728b)  -> (artifact id: 'afbd5fb0e2d7cae088e41adeee17c701') in 0.019937 seconds 
========================================================================
Received Import Request.
  Time since last request: 348.968945 seconds.
  path: Assets/NewSurfaceShader.shader
  artifactKey: Guid(786c809f515f52e49aead4cc58e29017) Importer(815301076,1909f56bfc062723c751e8b465ee728b)
Start importing Assets/NewSurfaceShader.shader using Guid(786c809f515f52e49aead4cc58e29017) Importer(815301076,1909f56bfc062723c751e8b465ee728b)  -> (artifact id: '33a1caf0fec47d53ab617c63fe091ece') in 0.014023 seconds 
========================================================================
Received Import Request.
  Time since last request: 51.759517 seconds.
  path: Assets/NewBehaviourScript.cs
  artifactKey: Guid(5d4d1dafe65dfe74e867de981b64280f) Importer(815301076,1909f56bfc062723c751e8b465ee728b)
Start importing Assets/NewBehaviourScript.cs using Guid(5d4d1dafe65dfe74e867de981b64280f) Importer(815301076,1909f56bfc062723c751e8b465ee728b)  -> (artifact id: '55b4b50cab4c55e394ab05306b1e93a8') in 0.025167 seconds 
========================================================================
Received Prepare
Registering precompiled user dll's ...
Registered in 0.002835 seconds.
Begin MonoManager ReloadAssembly
Native extension for WindowsStandalone target not found
Native extension for WebGL target not found
Refreshing native plugins compatible for Editor in 0.41 ms, found 2 plugins.
Preloading 0 native plugins for Editor in 0.00 ms.
Mono: successfully reloaded assembly
- Completed reload, in  0.826 seconds
Domain Reload Profiling:
	ReloadAssembly (826ms)
		BeginReloadAssembly (103ms)
			ExecutionOrderSort (0ms)
			DisableScriptedObjects (3ms)
			BackupInstance (0ms)
			ReleaseScriptingObjects (0ms)
			CreateAndSetChildDomain (35ms)
		EndReloadAssembly (672ms)
			LoadAssemblies (72ms)
			RebuildTransferFunctionScriptingTraits (0ms)
			SetupTypeCache (235ms)
			ReleaseScriptCaches (1ms)
			RebuildScriptCaches (39ms)
			SetupLoadedEditorAssemblies (244ms)
				LogAssemblyErrors (0ms)
				InitializePlatformSupportModulesInManaged (5ms)
				SetLoadedEditorAssemblies (0ms)
				RefreshPlugins (0ms)
				BeforeProcessingInitializeOnLoad (41ms)
				ProcessInitializeOnLoadAttributes (184ms)
				ProcessInitializeOnLoadMethodAttributes (8ms)
				AfterProcessingInitializeOnLoad (5ms)
				EditorAssembliesLoaded (0ms)
			ExecutionOrderSort2 (0ms)
			AwakeInstancesAfterBackupRestoration (5ms)
Platform modules already initialized, skipping
Refreshing native plugins compatible for Editor in 0.43 ms, found 2 plugins.
Preloading 0 native plugins for Editor in 0.00 ms.
Unloading 1501 Unused Serialized files (Serialized files now loaded: 0)
System memory in use before: 72.4 MB.
System memory in use after: 72.5 MB.

Unloading 11 unused Assets to reduce memory usage. Loaded Objects now: 1995.
Total: 3.895100 ms (FindLiveObjects: 0.236600 ms CreateObjectMapping: 0.071600 ms MarkObjects: 3.550900 ms  DeleteObjects: 0.034200 ms)

AssetImportParameters requested are different than current active one (requested -> active):
  custom:framework-win-MediaFoundation: 216162199b28c13a410421893ffa2e32 -> 
  custom:video-decoder-ogg-theora: a1e56fd34408186e4bbccfd4996cb3dc -> 
  custom:container-muxer-webm: aa71ff27fc2769a1b78a27578f13a17b -> 
  custom:container-demuxer-webm: 4f35f7cbe854078d1ac9338744f61a02 -> 
  custom:container-demuxer-ogg: 62fdf1f143b41e24485cea50d1cbac27 -> 
  custom:video-encoder-webm-vp8: eb34c28f22e8b96e1ab97ce403110664 -> 
  custom:video-decoder-webm-vp8: 9c59270c3fd7afecdb556c50c9e8de78 -> 
  custom:audio-decoder-ogg-vorbis: bf7c407c2cedff20999df2af8eb42d56 -> 
  custom:audio-encoder-webm-vorbis: bf7c407c2cedff20999df2af8eb42d56 -> 
========================================================================
Received Prepare
Registering precompiled user dll's ...
Registered in 0.002072 seconds.
Begin MonoManager ReloadAssembly
Native extension for WindowsStandalone target not found
Native extension for WebGL target not found
Refreshing native plugins compatible for Editor in 0.45 ms, found 2 plugins.
Preloading 0 native plugins for Editor in 0.00 ms.
Mono: successfully reloaded assembly
- Completed reload, in  0.819 seconds
Domain Reload Profiling:
	ReloadAssembly (819ms)
		BeginReloadAssembly (99ms)
			ExecutionOrderSort (0ms)
			DisableScriptedObjects (3ms)
			BackupInstance (0ms)
			ReleaseScriptingObjects (0ms)
			CreateAndSetChildDomain (33ms)
		EndReloadAssembly (665ms)
			LoadAssemblies (76ms)
			RebuildTransferFunctionScriptingTraits (0ms)
			SetupTypeCache (237ms)
			ReleaseScriptCaches (1ms)
			RebuildScriptCaches (40ms)
			SetupLoadedEditorAssemblies (235ms)
				LogAssemblyErrors (0ms)
				InitializePlatformSupportModulesInManaged (5ms)
				SetLoadedEditorAssemblies (0ms)
				RefreshPlugins (1ms)
				BeforeProcessingInitializeOnLoad (44ms)
				ProcessInitializeOnLoadAttributes (170ms)
				ProcessInitializeOnLoadMethodAttributes (9ms)
				AfterProcessingInitializeOnLoad (5ms)
				EditorAssembliesLoaded (0ms)
			ExecutionOrderSort2 (0ms)
			AwakeInstancesAfterBackupRestoration (6ms)
Platform modules already initialized, skipping
Refreshing native plugins compatible for Editor in 0.38 ms, found 2 plugins.
Preloading 0 native plugins for Editor in 0.00 ms.
Unloading 1501 Unused Serialized files (Serialized files now loaded: 0)
System memory in use before: 72.5 MB.
System memory in use after: 72.6 MB.

Unloading 11 unused Assets to reduce memory usage. Loaded Objects now: 1998.
Total: 3.617500 ms (FindLiveObjects: 0.284400 ms CreateObjectMapping: 0.104400 ms MarkObjects: 3.201000 ms  DeleteObjects: 0.026000 ms)

AssetImportParameters requested are different than current active one (requested -> active):
  custom:framework-win-MediaFoundation: 216162199b28c13a410421893ffa2e32 -> 
  custom:video-decoder-ogg-theora: a1e56fd34408186e4bbccfd4996cb3dc -> 
  custom:container-muxer-webm: aa71ff27fc2769a1b78a27578f13a17b -> 
  custom:container-demuxer-webm: 4f35f7cbe854078d1ac9338744f61a02 -> 
  custom:container-demuxer-ogg: 62fdf1f143b41e24485cea50d1cbac27 -> 
  custom:video-encoder-webm-vp8: eb34c28f22e8b96e1ab97ce403110664 -> 
  custom:video-decoder-webm-vp8: 9c59270c3fd7afecdb556c50c9e8de78 -> 
  custom:audio-decoder-ogg-vorbis: bf7c407c2cedff20999df2af8eb42d56 -> 
  custom:audio-encoder-webm-vorbis: bf7c407c2cedff20999df2af8eb42d56 -> 
========================================================================
Received Import Request.
  Time since last request: 306.955612 seconds.
  path: Assets/RollerBehavior.cs
  artifactKey: Guid(5d4d1dafe65dfe74e867de981b64280f) Importer(815301076,1909f56bfc062723c751e8b465ee728b)
Start importing Assets/RollerBehavior.cs using Guid(5d4d1dafe65dfe74e867de981b64280f) Importer(815301076,1909f56bfc062723c751e8b465ee728b)  -> (artifact id: '977b9cee93730d1f7501564a1eb50c91') in 0.013606 seconds 
========================================================================
Received Prepare
Registering precompiled user dll's ...
Registered in 0.002096 seconds.
Begin MonoManager ReloadAssembly
Native extension for WindowsStandalone target not found
Native extension for WebGL target not found
Refreshing native plugins compatible for Editor in 0.42 ms, found 2 plugins.
Preloading 0 native plugins for Editor in 0.00 ms.
Mono: successfully reloaded assembly
- Completed reload, in  0.803 seconds
Domain Reload Profiling:
	ReloadAssembly (803ms)
		BeginReloadAssembly (97ms)
			ExecutionOrderSort (0ms)
			DisableScriptedObjects (4ms)
			BackupInstance (0ms)
			ReleaseScriptingObjects (0ms)
			CreateAndSetChildDomain (31ms)
		EndReloadAssembly (653ms)
			LoadAssemblies (82ms)
			RebuildTransferFunctionScriptingTraits (0ms)
			SetupTypeCache (234ms)
			ReleaseScriptCaches (1ms)
			RebuildScriptCaches (37ms)
			SetupLoadedEditorAssemblies (225ms)
				LogAssemblyErrors (0ms)
				InitializePlatformSupportModulesInManaged (5ms)
				SetLoadedEditorAssemblies (0ms)
				RefreshPlugins (1ms)
				BeforeProcessingInitializeOnLoad (46ms)
				ProcessInitializeOnLoadAttributes (161ms)
				ProcessInitializeOnLoadMethodAttributes (7ms)
				AfterProcessingInitializeOnLoad (4ms)
				EditorAssembliesLoaded (0ms)
			ExecutionOrderSort2 (0ms)
			AwakeInstancesAfterBackupRestoration (6ms)
Platform modules already initialized, skipping
Refreshing native plugins compatible for Editor in 0.39 ms, found 2 plugins.
Preloading 0 native plugins for Editor in 0.00 ms.
Unloading 1501 Unused Serialized files (Serialized files now loaded: 0)
System memory in use before: 72.5 MB.
System memory in use after: 72.6 MB.

Unloading 11 unused Assets to reduce memory usage. Loaded Objects now: 2001.
Total: 3.704800 ms (FindLiveObjects: 0.227400 ms CreateObjectMapping: 0.072300 ms MarkObjects: 3.373000 ms  DeleteObjects: 0.030600 ms)

AssetImportParameters requested are different than current active one (requested -> active):
  custom:framework-win-MediaFoundation: 216162199b28c13a410421893ffa2e32 -> 
  custom:video-decoder-ogg-theora: a1e56fd34408186e4bbccfd4996cb3dc -> 
  custom:container-muxer-webm: aa71ff27fc2769a1b78a27578f13a17b -> 
  custom:container-demuxer-webm: 4f35f7cbe854078d1ac9338744f61a02 -> 
  custom:container-demuxer-ogg: 62fdf1f143b41e24485cea50d1cbac27 -> 
  custom:video-encoder-webm-vp8: eb34c28f22e8b96e1ab97ce403110664 -> 
  custom:video-decoder-webm-vp8: 9c59270c3fd7afecdb556c50c9e8de78 -> 
  custom:audio-decoder-ogg-vorbis: bf7c407c2cedff20999df2af8eb42d56 -> 
  custom:audio-encoder-webm-vorbis: bf7c407c2cedff20999df2af8eb42d56 -> 
========================================================================
Received Import Request.
  Time since last request: 3.745417 seconds.
  path: Assets
  artifactKey: Guid(00000000000000001000000000000000) Importer(815301076,1909f56bfc062723c751e8b465ee728b)
Start importing Assets using Guid(00000000000000001000000000000000) Importer(815301076,1909f56bfc062723c751e8b465ee728b)  -> (artifact id: '42d402b061de3733987d63b9cc3b64de') in 0.009454 seconds 
========================================================================
Received Import Request.
  Time since last request: 4.766560 seconds.
  path: Assets/Scripts
  artifactKey: Guid(9bb9dddc2e4015e449203e1f0ab43753) Importer(815301076,1909f56bfc062723c751e8b465ee728b)
Start importing Assets/Scripts using Guid(9bb9dddc2e4015e449203e1f0ab43753) Importer(815301076,1909f56bfc062723c751e8b465ee728b)  -> (artifact id: 'f652ebe107c4f8201fd529cb8fabdc7b') in 0.007727 seconds 
========================================================================
Received Prepare
Registering precompiled user dll's ...
Registered in 0.002198 seconds.
Begin MonoManager ReloadAssembly
Native extension for WindowsStandalone target not found
Native extension for WebGL target not found
Refreshing native plugins compatible for Editor in 0.42 ms, found 2 plugins.
Preloading 0 native plugins for Editor in 0.00 ms.
Mono: successfully reloaded assembly
- Completed reload, in  0.834 seconds
Domain Reload Profiling:
	ReloadAssembly (834ms)
		BeginReloadAssembly (100ms)
			ExecutionOrderSort (0ms)
			DisableScriptedObjects (4ms)
			BackupInstance (0ms)
			ReleaseScriptingObjects (0ms)
			CreateAndSetChildDomain (32ms)
		EndReloadAssembly (680ms)
			LoadAssemblies (83ms)
			RebuildTransferFunctionScriptingTraits (0ms)
			SetupTypeCache (239ms)
			ReleaseScriptCaches (1ms)
			RebuildScriptCaches (37ms)
			SetupLoadedEditorAssemblies (247ms)
				LogAssemblyErrors (0ms)
				InitializePlatformSupportModulesInManaged (5ms)
				SetLoadedEditorAssemblies (0ms)
				RefreshPlugins (1ms)
				BeforeProcessingInitializeOnLoad (43ms)
				ProcessInitializeOnLoadAttributes (167ms)
				ProcessInitializeOnLoadMethodAttributes (27ms)
				AfterProcessingInitializeOnLoad (4ms)
				EditorAssembliesLoaded (0ms)
			ExecutionOrderSort2 (0ms)
			AwakeInstancesAfterBackupRestoration (6ms)
Platform modules already initialized, skipping
Refreshing native plugins compatible for Editor in 0.39 ms, found 2 plugins.
Preloading 0 native plugins for Editor in 0.00 ms.
Unloading 1501 Unused Serialized files (Serialized files now loaded: 0)
System memory in use before: 72.5 MB.
System memory in use after: 72.6 MB.

Unloading 11 unused Assets to reduce memory usage. Loaded Objects now: 2004.
Total: 4.291100 ms (FindLiveObjects: 0.237700 ms CreateObjectMapping: 0.074000 ms MarkObjects: 3.943100 ms  DeleteObjects: 0.034000 ms)

AssetImportParameters requested are different than current active one (requested -> active):
  custom:framework-win-MediaFoundation: 216162199b28c13a410421893ffa2e32 -> 
  custom:video-decoder-ogg-theora: a1e56fd34408186e4bbccfd4996cb3dc -> 
  custom:container-muxer-webm: aa71ff27fc2769a1b78a27578f13a17b -> 
  custom:container-demuxer-webm: 4f35f7cbe854078d1ac9338744f61a02 -> 
  custom:container-demuxer-ogg: 62fdf1f143b41e24485cea50d1cbac27 -> 
  custom:video-encoder-webm-vp8: eb34c28f22e8b96e1ab97ce403110664 -> 
  custom:video-decoder-webm-vp8: 9c59270c3fd7afecdb556c50c9e8de78 -> 
  custom:audio-decoder-ogg-vorbis: bf7c407c2cedff20999df2af8eb42d56 -> 
  custom:audio-encoder-webm-vorbis: bf7c407c2cedff20999df2af8eb42d56 -> 
========================================================================
Received Import Request.
  Time since last request: 64.699624 seconds.
  path: Assets/Scripts/RollerBehavior.cs
  artifactKey: Guid(5d4d1dafe65dfe74e867de981b64280f) Importer(815301076,1909f56bfc062723c751e8b465ee728b)
Start importing Assets/Scripts/RollerBehavior.cs using Guid(5d4d1dafe65dfe74e867de981b64280f) Importer(815301076,1909f56bfc062723c751e8b465ee728b)  -> (artifact id: '64dc873aa0b8905283806c0088fd75b6') in 0.006341 seconds 
========================================================================
Received Import Request.
  Time since last request: 2.516503 seconds.
  path: Assets/Scripts/RollerBehavior.cs
  artifactKey: Guid(5d4d1dafe65dfe74e867de981b64280f) Importer(815301076,1909f56bfc062723c751e8b465ee728b)
Start importing Assets/Scripts/RollerBehavior.cs using Guid(5d4d1dafe65dfe74e867de981b64280f) Importer(815301076,1909f56bfc062723c751e8b465ee728b)  -> (artifact id: '0e45b3665793bfb6a9261777c7eae959') in 0.005322 seconds 
========================================================================
Received Import Request.
  Time since last request: 52.301522 seconds.
  path: Assets/Scripts/RollerBehavior.cs
  artifactKey: Guid(5d4d1dafe65dfe74e867de981b64280f) Importer(815301076,1909f56bfc062723c751e8b465ee728b)
Start importing Assets/Scripts/RollerBehavior.cs using Guid(5d4d1dafe65dfe74e867de981b64280f) Importer(815301076,1909f56bfc062723c751e8b465ee728b)  -> (artifact id: '4985635cea32eefae6f6830ba96e31bb') in 0.002839 seconds 
========================================================================
Received Prepare
Registering precompiled user dll's ...
Registered in 0.001998 seconds.
Begin MonoManager ReloadAssembly
Native extension for WindowsStandalone target not found
Native extension for WebGL target not found
Refreshing native plugins compatible for Editor in 0.40 ms, found 2 plugins.
Preloading 0 native plugins for Editor in 0.00 ms.
Mono: successfully reloaded assembly
- Completed reload, in  0.799 seconds
Domain Reload Profiling:
	ReloadAssembly (800ms)
		BeginReloadAssembly (100ms)
			ExecutionOrderSort (0ms)
			DisableScriptedObjects (4ms)
			BackupInstance (0ms)
			ReleaseScriptingObjects (0ms)
			CreateAndSetChildDomain (33ms)
		EndReloadAssembly (644ms)
			LoadAssemblies (77ms)
			RebuildTransferFunctionScriptingTraits (0ms)
			SetupTypeCache (235ms)
			ReleaseScriptCaches (1ms)
			RebuildScriptCaches (33ms)
			SetupLoadedEditorAssemblies (226ms)
				LogAssemblyErrors (0ms)
				InitializePlatformSupportModulesInManaged (5ms)
				SetLoadedEditorAssemblies (0ms)
				RefreshPlugins (0ms)
				BeforeProcessingInitializeOnLoad (45ms)
				ProcessInitializeOnLoadAttributes (164ms)
				ProcessInitializeOnLoadMethodAttributes (8ms)
				AfterProcessingInitializeOnLoad (4ms)
				EditorAssembliesLoaded (0ms)
			ExecutionOrderSort2 (0ms)
			AwakeInstancesAfterBackupRestoration (6ms)
Platform modules already initialized, skipping
Refreshing native plugins compatible for Editor in 0.39 ms, found 2 plugins.
Preloading 0 native plugins for Editor in 0.00 ms.
Unloading 1501 Unused Serialized files (Serialized files now loaded: 0)
System memory in use before: 72.5 MB.
System memory in use after: 72.6 MB.

Unloading 11 unused Assets to reduce memory usage. Loaded Objects now: 2007.
Total: 3.545400 ms (FindLiveObjects: 0.236300 ms CreateObjectMapping: 0.038600 ms MarkObjects: 3.242300 ms  DeleteObjects: 0.026500 ms)

AssetImportParameters requested are different than current active one (requested -> active):
  custom:framework-win-MediaFoundation: 216162199b28c13a410421893ffa2e32 -> 
  custom:video-decoder-ogg-theora: a1e56fd34408186e4bbccfd4996cb3dc -> 
  custom:container-muxer-webm: aa71ff27fc2769a1b78a27578f13a17b -> 
  custom:container-demuxer-webm: 4f35f7cbe854078d1ac9338744f61a02 -> 
  custom:container-demuxer-ogg: 62fdf1f143b41e24485cea50d1cbac27 -> 
  custom:video-encoder-webm-vp8: eb34c28f22e8b96e1ab97ce403110664 -> 
  custom:video-decoder-webm-vp8: 9c59270c3fd7afecdb556c50c9e8de78 -> 
  custom:audio-decoder-ogg-vorbis: bf7c407c2cedff20999df2af8eb42d56 -> 
  custom:audio-encoder-webm-vorbis: bf7c407c2cedff20999df2af8eb42d56 -> 
AssetImportWorkerClient::OnTransportError - code=2 error=End of file
